# JRE version: Java(TM) SE Runtime Environment (17.0.9+11) (build 17.0.9+11-LTS-201)
# Java VM: Java HotSpot(TM) 64-Bit Server VM (17.0.9+11-LTS-201, mixed mode, sharing, tiered, compressed oops, compressed class ptrs, g1 gc, windows-amd64)
GC Precious Log:
 CPUs: 8 total, 8 available
 Memory: 7973M
 Large Page Support: Disabled
 NUMA Support: Disabled
 Compressed Oops: Enabled (32-bit)
 Heap Region Size: 1M
 Heap Min Capacity: 8M
 Heap Initial Capacity: 126M
 Heap Max Capacity: 2G
 Pre-touch: Disabled
 Parallel Workers: 8
 Concurrent Workers: 2
 Concurrent Refinement Workers: 8
 Periodic GC: Disabled
Heap:
 garbage-first heap   total 129024K, used 75241K [0x0000000080000000, 0x0000000100000000)
  region size 1024K, 3 young (3072K), 3 survivors (3072K)
 Metaspace       used 73437K, committed 74176K, reserved 491520K
  class space    used 10009K, committed 10304K, reserved 425984K
GC Heap History (20 events):
Event: 150.573 GC heap after
{Heap after GC invocations=31 (full 0):
 garbage-first heap   total 99328K, used 58961K [0x0000000080000000, 0x0000000100000000)
  region size 1024K, 1 young (1024K), 1 survivors (1024K)
 Metaspace       used 62525K, committed 63168K, reserved 491520K
  class space    used 8675K, committed 8960K, reserved 425984K
}
Event: 156.247 GC heap before
{Heap before GC invocations=31 (full 0):
 garbage-first heap   total 99328K, used 70225K [0x0000000080000000, 0x0000000100000000)
  region size 1024K, 14 young (14336K), 1 survivors (1024K)
 Metaspace       used 62620K, committed 63360K, reserved 491520K
  class space    used 8677K, committed 9024K, reserved 425984K
}
Event: 156.250 GC heap after
{Heap after GC invocations=32 (full 0):
 garbage-first heap   total 99328K, used 59213K [0x0000000080000000, 0x0000000100000000)
  region size 1024K, 1 young (1024K), 1 survivors (1024K)
 Metaspace       used 62620K, committed 63360K, reserved 491520K
  class space    used 8677K, committed 9024K, reserved 425984K
}
Event: 158.953 GC heap before
{Heap before GC invocations=33 (full 0):
 garbage-first heap   total 106496K, used 82765K [0x0000000080000000, 0x0000000100000000)
  region size 1024K, 23 young (23552K), 1 survivors (1024K)
 Metaspace       used 65300K, committed 65920K, reserved 491520K
  class space    used 8984K, committed 9280K, reserved 425984K
}
Event: 158.962 GC heap after
{Heap after GC invocations=34 (full 0):
 garbage-first heap   total 106496K, used 64445K [0x0000000080000000, 0x0000000100000000)
  region size 1024K, 3 young (3072K), 3 survivors (3072K)
 Metaspace       used 65300K, committed 65920K, reserved 491520K
  class space    used 8984K, committed 9280K, reserved 425984K
}
Event: 159.169 GC heap before
{Heap before GC invocations=34 (full 0):
 garbage-first heap   total 106496K, used 66493K [0x0000000080000000, 0x0000000100000000)
  region size 1024K, 5 young (5120K), 3 survivors (3072K)
 Metaspace       used 65751K, committed 66432K, reserved 491520K
  class space    used 9022K, committed 9344K, reserved 425984K
}
Event: 159.177 GC heap after
{Heap after GC invocations=35 (full 0):
 garbage-first heap   total 106496K, used 64171K [0x0000000080000000, 0x0000000100000000)
  region size 1024K, 1 young (1024K), 1 survivors (1024K)
 Metaspace       used 65751K, committed 66432K, reserved 491520K
  class space    used 9022K, committed 9344K, reserved 425984K
}
Event: 161.815 GC heap before
{Heap before GC invocations=35 (full 0):
 garbage-first heap   total 106496K, used 79531K [0x0000000080000000, 0x0000000100000000)
  region size 1024K, 18 young (18432K), 1 survivors (1024K)
 Metaspace       used 68394K, committed 69120K, reserved 491520K
  class space    used 9334K, committed 9664K, reserved 425984K
}
Event: 161.819 GC heap after
{Heap after GC invocations=36 (full 0):
 garbage-first heap   total 106496K, used 66850K [0x0000000080000000, 0x0000000100000000)
  region size 1024K, 3 young (3072K), 3 survivors (3072K)
 Metaspace       used 68394K, committed 69120K, reserved 491520K
  class space    used 9334K, committed 9664K, reserved 425984K
}
Event: 164.315 GC heap before
{Heap before GC invocations=37 (full 0):
 garbage-first heap   total 117760K, used 92450K [0x0000000080000000, 0x0000000100000000)
  region size 1024K, 22 young (22528K), 3 survivors (3072K)
 Metaspace       used 69049K, committed 69760K, reserved 491520K
  class space    used 9439K, committed 9728K, reserved 425984K
}
Event: 164.320 GC heap after
{Heap after GC invocations=38 (full 0):
 garbage-first heap   total 117760K, used 69938K [0x0000000080000000, 0x0000000100000000)
  region size 1024K, 3 young (3072K), 3 survivors (3072K)
 Metaspace       used 69049K, committed 69760K, reserved 491520K
  class space    used 9439K, committed 9728K, reserved 425984K
}
Event: 164.453 GC heap before
{Heap before GC invocations=38 (full 0):
 garbage-first heap   total 117760K, used 71986K [0x0000000080000000, 0x0000000100000000)
  region size 1024K, 5 young (5120K), 3 survivors (3072K)
 Metaspace       used 69346K, committed 70080K, reserved 491520K
  class space    used 9470K, committed 9792K, reserved 425984K
}
Event: 164.459 GC heap after
{Heap after GC invocations=39 (full 0):
 garbage-first heap   total 117760K, used 70028K [0x0000000080000000, 0x0000000100000000)
  region size 1024K, 1 young (1024K), 1 survivors (1024K)
 Metaspace       used 69346K, committed 70080K, reserved 491520K
  class space    used 9470K, committed 9792K, reserved 425984K
}
Event: 167.489 GC heap before
{Heap before GC invocations=39 (full 0):
 garbage-first heap   total 117760K, used 93580K [0x0000000080000000, 0x0000000100000000)
  region size 1024K, 24 young (24576K), 1 survivors (1024K)
 Metaspace       used 71397K, committed 72128K, reserved 491520K
  class space    used 9716K, committed 10048K, reserved 425984K
}
Event: 167.493 GC heap after
{Heap after GC invocations=40 (full 0):
 garbage-first heap   total 117760K, used 71379K [0x0000000080000000, 0x0000000100000000)
  region size 1024K, 2 young (2048K), 2 survivors (2048K)
 Metaspace       used 71397K, committed 72128K, reserved 491520K
  class space    used 9716K, committed 10048K, reserved 425984K
}
Event: 169.396 GC heap before
{Heap before GC invocations=41 (full 0):
 garbage-first heap   total 122880K, used 94931K [0x0000000080000000, 0x0000000100000000)
  region size 1024K, 25 young (25600K), 2 survivors (2048K)
 Metaspace       used 73325K, committed 73984K, reserved 491520K
  class space    used 9999K, committed 10304K, reserved 425984K
}
Event: 169.402 GC heap after
{Heap after GC invocations=42 (full 0):
 garbage-first heap   total 122880K, used 73184K [0x0000000080000000, 0x0000000100000000)
  region size 1024K, 4 young (4096K), 4 survivors (4096K)
 Metaspace       used 73325K, committed 73984K, reserved 491520K
  class space    used 9999K, committed 10304K, reserved 425984K
}
Event: 169.497 GC heap before
{Heap before GC invocations=42 (full 0):
 garbage-first heap   total 122880K, used 75232K [0x0000000080000000, 0x0000000100000000)
  region size 1024K, 6 young (6144K), 4 survivors (4096K)
 Metaspace       used 73339K, committed 73984K, reserved 491520K
  class space    used 10000K, committed 10304K, reserved 425984K
}
Event: 169.504 GC heap after
{Heap after GC invocations=43 (full 0):
 garbage-first heap   total 122880K, used 73613K [0x0000000080000000, 0x0000000100000000)
  region size 1024K, 1 young (1024K), 1 survivors (1024K)
 Metaspace       used 73339K, committed 73984K, reserved 491520K
  class space    used 10000K, committed 10304K, reserved 425984K
}
Event: 170.731 GC heap before
{Heap before GC invocations=43 (full 0):
 garbage-first heap   total 122880K, used 100237K [0x0000000080000000, 0x0000000100000000)
  region size 1024K, 27 young (27648K), 1 survivors (1024K)
 Metaspace       used 73437K, committed 74176K, reserved 491520K
  class space    used 10009K, committed 10304K, reserved 425984K
}

