# JRE version: Java(TM) SE Runtime Environment (17.0.9+11) (build 17.0.9+11-LTS-201)
# Java VM: Java HotSpot(TM) 64-Bit Server VM (17.0.9+11-LTS-201, mixed mode, sharing, tiered, compressed oops, compressed class ptrs, g1 gc, windows-amd64)
GC Precious Log:
 CPUs: 8 total, 8 available
 Memory: 7973M
 Large Page Support: Disabled
 NUMA Support: Disabled
 Compressed Oops: Enabled (32-bit)
 Heap Region Size: 1M
 Heap Min Capacity: 8M
 Heap Initial Capacity: 126M
 Heap Max Capacity: 2G
 Pre-touch: Disabled
 Parallel Workers: 8
 Concurrent Workers: 2
 Concurrent Refinement Workers: 8
 Periodic GC: Disabled
Heap:
 garbage-first heap   total 106496K, used 77509K [0x0000000080000000, 0x0000000100000000)
  region size 1024K, 8 young (8192K), 3 survivors (3072K)
 Metaspace       used 68319K, committed 69056K, reserved 491520K
  class space    used 9330K, committed 9664K, reserved 425984K
GC Heap History (20 events):
Event: 132.854 GC heap before
{Heap before GC invocations=20 (full 0):
 garbage-first heap   total 89088K, used 69932K [0x0000000080000000, 0x0000000100000000)
  region size 1024K, 21 young (21504K), 2 survivors (2048K)
 Metaspace       used 57082K, committed 57664K, reserved 491520K
  class space    used 7939K, committed 8192K, reserved 425984K
}
Event: 132.859 GC heap after
{Heap after GC invocations=21 (full 0):
 garbage-first heap   total 89088K, used 51966K [0x0000000080000000, 0x0000000100000000)
  region size 1024K, 3 young (3072K), 3 survivors (3072K)
 Metaspace       used 57082K, committed 57664K, reserved 491520K
  class space    used 7939K, committed 8192K, reserved 425984K
}
Event: 141.406 GC heap before
{Heap before GC invocations=21 (full 0):
 garbage-first heap   total 89088K, used 72446K [0x0000000080000000, 0x0000000100000000)
  region size 1024K, 23 young (23552K), 3 survivors (3072K)
 Metaspace       used 58119K, committed 58752K, reserved 491520K
  class space    used 8080K, committed 8384K, reserved 425984K
}
Event: 141.416 GC heap after
{Heap after GC invocations=22 (full 0):
 garbage-first heap   total 89088K, used 53306K [0x0000000080000000, 0x0000000100000000)
  region size 1024K, 2 young (2048K), 2 survivors (2048K)
 Metaspace       used 58119K, committed 58752K, reserved 491520K
  class space    used 8080K, committed 8384K, reserved 425984K
}
Event: 147.017 GC heap before
{Heap before GC invocations=23 (full 0):
 garbage-first heap   total 92160K, used 73786K [0x0000000080000000, 0x0000000100000000)
  region size 1024K, 22 young (22528K), 2 survivors (2048K)
 Metaspace       used 59713K, committed 60352K, reserved 491520K
  class space    used 8331K, committed 8640K, reserved 425984K
}
Event: 147.028 GC heap after
{Heap after GC invocations=24 (full 0):
 garbage-first heap   total 92160K, used 55798K [0x0000000080000000, 0x0000000100000000)
  region size 1024K, 3 young (3072K), 3 survivors (3072K)
 Metaspace       used 59713K, committed 60352K, reserved 491520K
  class space    used 8331K, committed 8640K, reserved 425984K
}
Event: 149.772 GC heap before
{Heap before GC invocations=24 (full 0):
 garbage-first heap   total 92160K, used 74230K [0x0000000080000000, 0x0000000100000000)
  region size 1024K, 22 young (22528K), 3 survivors (3072K)
 Metaspace       used 61473K, committed 62080K, reserved 491520K
  class space    used 8541K, committed 8832K, reserved 425984K
}
Event: 149.785 GC heap after
{Heap after GC invocations=25 (full 0):
 garbage-first heap   total 92160K, used 57905K [0x0000000080000000, 0x0000000100000000)
  region size 1024K, 3 young (3072K), 3 survivors (3072K)
 Metaspace       used 61473K, committed 62080K, reserved 491520K
  class space    used 8541K, committed 8832K, reserved 425984K
}
Event: 153.724 GC heap before
{Heap before GC invocations=26 (full 0):
 garbage-first heap   total 101376K, used 74289K [0x0000000080000000, 0x0000000100000000)
  region size 1024K, 20 young (20480K), 3 survivors (3072K)
 Metaspace       used 62458K, committed 63104K, reserved 491520K
  class space    used 8670K, committed 8960K, reserved 425984K
}
Event: 153.732 GC heap after
{Heap after GC invocations=27 (full 0):
 garbage-first heap   total 101376K, used 59834K [0x0000000080000000, 0x0000000100000000)
  region size 1024K, 3 young (3072K), 3 survivors (3072K)
 Metaspace       used 62458K, committed 63104K, reserved 491520K
  class space    used 8670K, committed 8960K, reserved 425984K
}
Event: 153.871 GC heap before
{Heap before GC invocations=27 (full 0):
 garbage-first heap   total 101376K, used 60858K [0x0000000080000000, 0x0000000100000000)
  region size 1024K, 4 young (4096K), 3 survivors (3072K)
 Metaspace       used 62474K, committed 63104K, reserved 491520K
  class space    used 8670K, committed 8960K, reserved 425984K
}
Event: 153.876 GC heap after
{Heap after GC invocations=28 (full 0):
 garbage-first heap   total 101376K, used 60236K [0x0000000080000000, 0x0000000100000000)
  region size 1024K, 1 young (1024K), 1 survivors (1024K)
 Metaspace       used 62474K, committed 63104K, reserved 491520K
  class space    used 8670K, committed 8960K, reserved 425984K
}
Event: 157.214 GC heap before
{Heap before GC invocations=28 (full 0):
 garbage-first heap   total 101376K, used 67404K [0x0000000080000000, 0x0000000100000000)
  region size 1024K, 10 young (10240K), 1 survivors (1024K)
 Metaspace       used 62537K, committed 63232K, reserved 491520K
  class space    used 8673K, committed 9024K, reserved 425984K
}
Event: 157.217 GC heap after
{Heap after GC invocations=29 (full 0):
 garbage-first heap   total 101376K, used 60405K [0x0000000080000000, 0x0000000100000000)
  region size 1024K, 1 young (1024K), 1 survivors (1024K)
 Metaspace       used 62537K, committed 63232K, reserved 491520K
  class space    used 8673K, committed 9024K, reserved 425984K
}
Event: 163.870 GC heap before
{Heap before GC invocations=30 (full 0):
 garbage-first heap   total 106496K, used 83957K [0x0000000080000000, 0x0000000100000000)
  region size 1024K, 23 young (23552K), 1 survivors (1024K)
 Metaspace       used 65227K, committed 65920K, reserved 491520K
  class space    used 8980K, committed 9280K, reserved 425984K
}
Event: 163.876 GC heap after
{Heap after GC invocations=31 (full 0):
 garbage-first heap   total 106496K, used 65805K [0x0000000080000000, 0x0000000100000000)
  region size 1024K, 3 young (3072K), 3 survivors (3072K)
 Metaspace       used 65227K, committed 65920K, reserved 491520K
  class space    used 8980K, committed 9280K, reserved 425984K
}
Event: 164.252 GC heap before
{Heap before GC invocations=31 (full 0):
 garbage-first heap   total 106496K, used 66829K [0x0000000080000000, 0x0000000100000000)
  region size 1024K, 5 young (5120K), 3 survivors (3072K)
 Metaspace       used 65677K, committed 66368K, reserved 491520K
  class space    used 9017K, committed 9344K, reserved 425984K
}
Event: 164.262 GC heap after
{Heap after GC invocations=32 (full 0):
 garbage-first heap   total 106496K, used 65578K [0x0000000080000000, 0x0000000100000000)
  region size 1024K, 1 young (1024K), 1 survivors (1024K)
 Metaspace       used 65677K, committed 66368K, reserved 491520K
  class space    used 9017K, committed 9344K, reserved 425984K
}
Event: 170.834 GC heap before
{Heap before GC invocations=32 (full 0):
 garbage-first heap   total 106496K, used 80938K [0x0000000080000000, 0x0000000100000000)
  region size 1024K, 18 young (18432K), 1 survivors (1024K)
 Metaspace       used 68319K, committed 69056K, reserved 491520K
  class space    used 9330K, committed 9664K, reserved 425984K
}
Event: 170.840 GC heap after
{Heap after GC invocations=33 (full 0):
 garbage-first heap   total 106496K, used 68293K [0x0000000080000000, 0x0000000100000000)
  region size 1024K, 3 young (3072K), 3 survivors (3072K)
 Metaspace       used 68319K, committed 69056K, reserved 491520K
  class space    used 9330K, committed 9664K, reserved 425984K
}

