# JRE version: Java(TM) SE Runtime Environment (17.0.9+11) (build 17.0.9+11-LTS-201)
# Java VM: Java HotSpot(TM) 64-Bit Server VM (17.0.9+11-LTS-201, mixed mode, sharing, tiered, compressed oops, compressed class ptrs, g1 gc, windows-amd64)
GC Precious Log:
 CPUs: 8 total, 8 available
 Memory: 7973M
 Large Page Support: Disabled
 NUMA Support: Disabled
 Compressed Oops: Enabled (32-bit)
 Heap Region Size: 1M
 Heap Min Capacity: 8M
 Heap Initial Capacity: 126M
 Heap Max Capacity: 2G
 Pre-touch: Disabled
 Parallel Workers: 8
 Concurrent Workers: 2
 Concurrent Refinement Workers: 8
 Periodic GC: Disabled
Heap:
 garbage-first heap   total 145408K, used 106094K [0x0000000080000000, 0x0000000100000000)
  region size 1024K, 37 young (37888K), 3 survivors (3072K)
 Metaspace       used 73482K, committed 74176K, reserved 491520K
  class space    used 10010K, committed 10304K, reserved 425984K
GC Heap History (20 events):
Event: 136.655 GC heap before
{Heap before GC invocations=22 (full 0):
 garbage-first heap   total 92160K, used 74930K [0x0000000080000000, 0x0000000100000000)
  region size 1024K, 24 young (24576K), 3 survivors (3072K)
 Metaspace       used 60657K, committed 61312K, reserved 491520K
  class space    used 8456K, committed 8768K, reserved 425984K
}
Event: 136.674 GC heap after
{Heap after GC invocations=23 (full 0):
 garbage-first heap   total 92160K, used 56831K [0x0000000080000000, 0x0000000100000000)
  region size 1024K, 3 young (3072K), 3 survivors (3072K)
 Metaspace       used 60657K, committed 61312K, reserved 491520K
  class space    used 8456K, committed 8768K, reserved 425984K
}
Event: 141.809 GC heap before
{Heap before GC invocations=24 (full 0):
 garbage-first heap   total 102400K, used 74239K [0x0000000080000000, 0x0000000100000000)
  region size 1024K, 20 young (20480K), 3 survivors (3072K)
 Metaspace       used 62411K, committed 63040K, reserved 491520K
  class space    used 8663K, committed 8960K, reserved 425984K
}
Event: 141.817 GC heap after
{Heap after GC invocations=25 (full 0):
 garbage-first heap   total 102400K, used 58546K [0x0000000080000000, 0x0000000100000000)
  region size 1024K, 2 young (2048K), 2 survivors (2048K)
 Metaspace       used 62411K, committed 63040K, reserved 491520K
  class space    used 8663K, committed 8960K, reserved 425984K
}
Event: 143.238 GC heap before
{Heap before GC invocations=25 (full 0):
 garbage-first heap   total 102400K, used 61618K [0x0000000080000000, 0x0000000100000000)
  region size 1024K, 5 young (5120K), 2 survivors (2048K)
 Metaspace       used 62544K, committed 63168K, reserved 491520K
  class space    used 8678K, committed 8960K, reserved 425984K
}
Event: 143.245 GC heap after
{Heap after GC invocations=26 (full 0):
 garbage-first heap   total 102400K, used 59237K [0x0000000080000000, 0x0000000100000000)
  region size 1024K, 1 young (1024K), 1 survivors (1024K)
 Metaspace       used 62544K, committed 63168K, reserved 491520K
  class space    used 8678K, committed 8960K, reserved 425984K
}
Event: 150.371 GC heap before
{Heap before GC invocations=26 (full 0):
 garbage-first heap   total 102400K, used 73573K [0x0000000080000000, 0x0000000100000000)
  region size 1024K, 17 young (17408K), 1 survivors (1024K)
 Metaspace       used 62645K, committed 63360K, reserved 491520K
  class space    used 8680K, committed 9024K, reserved 425984K
}
Event: 150.375 GC heap after
{Heap after GC invocations=27 (full 0):
 garbage-first heap   total 102400K, used 59434K [0x0000000080000000, 0x0000000100000000)
  region size 1024K, 1 young (1024K), 1 survivors (1024K)
 Metaspace       used 62645K, committed 63360K, reserved 491520K
  class space    used 8680K, committed 9024K, reserved 425984K
}
Event: 153.599 GC heap before
{Heap before GC invocations=28 (full 0):
 garbage-first heap   total 106496K, used 85034K [0x0000000080000000, 0x0000000100000000)
  region size 1024K, 25 young (25600K), 1 survivors (1024K)
 Metaspace       used 65784K, committed 66432K, reserved 491520K
  class space    used 9027K, committed 9344K, reserved 425984K
}
Event: 153.609 GC heap after
{Heap after GC invocations=29 (full 0):
 garbage-first heap   total 106496K, used 64881K [0x0000000080000000, 0x0000000100000000)
  region size 1024K, 4 young (4096K), 4 survivors (4096K)
 Metaspace       used 65784K, committed 66432K, reserved 491520K
  class space    used 9027K, committed 9344K, reserved 425984K
}
Event: 153.661 GC heap before
{Heap before GC invocations=29 (full 0):
 garbage-first heap   total 106496K, used 65905K [0x0000000080000000, 0x0000000100000000)
  region size 1024K, 5 young (5120K), 4 survivors (4096K)
 Metaspace       used 65919K, committed 66560K, reserved 491520K
  class space    used 9046K, committed 9344K, reserved 425984K
}
Event: 153.672 GC heap after
{Heap after GC invocations=30 (full 0):
 garbage-first heap   total 106496K, used 64304K [0x0000000080000000, 0x0000000100000000)
  region size 1024K, 1 young (1024K), 1 survivors (1024K)
 Metaspace       used 65919K, committed 66560K, reserved 491520K
  class space    used 9046K, committed 9344K, reserved 425984K
}
Event: 155.478 GC heap before
{Heap before GC invocations=30 (full 0):
 garbage-first heap   total 106496K, used 78640K [0x0000000080000000, 0x0000000100000000)
  region size 1024K, 17 young (17408K), 1 survivors (1024K)
 Metaspace       used 68420K, committed 69184K, reserved 491520K
  class space    used 9337K, committed 9664K, reserved 425984K
}
Event: 155.483 GC heap after
{Heap after GC invocations=31 (full 0):
 garbage-first heap   total 106496K, used 67002K [0x0000000080000000, 0x0000000100000000)
  region size 1024K, 3 young (3072K), 3 survivors (3072K)
 Metaspace       used 68420K, committed 69184K, reserved 491520K
  class space    used 9337K, committed 9664K, reserved 425984K
}
Event: 156.801 GC heap before
{Heap before GC invocations=32 (full 0):
 garbage-first heap   total 145408K, used 94650K [0x0000000080000000, 0x0000000100000000)
  region size 1024K, 23 young (23552K), 3 survivors (3072K)
 Metaspace       used 69169K, committed 69824K, reserved 491520K
  class space    used 9456K, committed 9728K, reserved 425984K
}
Event: 156.811 GC heap after
{Heap after GC invocations=33 (full 0):
 garbage-first heap   total 145408K, used 70197K [0x0000000080000000, 0x0000000100000000)
  region size 1024K, 3 young (3072K), 3 survivors (3072K)
 Metaspace       used 69169K, committed 69824K, reserved 491520K
  class space    used 9456K, committed 9728K, reserved 425984K
}
Event: 157.010 GC heap before
{Heap before GC invocations=33 (full 0):
 garbage-first heap   total 145408K, used 73269K [0x0000000080000000, 0x0000000100000000)
  region size 1024K, 7 young (7168K), 3 survivors (3072K)
 Metaspace       used 69618K, committed 70272K, reserved 491520K
  class space    used 9506K, committed 9792K, reserved 425984K
}
Event: 157.014 GC heap after
{Heap after GC invocations=34 (full 0):
 garbage-first heap   total 145408K, used 70014K [0x0000000080000000, 0x0000000100000000)
  region size 1024K, 1 young (1024K), 1 survivors (1024K)
 Metaspace       used 69618K, committed 70272K, reserved 491520K
  class space    used 9506K, committed 9792K, reserved 425984K
}
Event: 161.947 GC heap before
{Heap before GC invocations=34 (full 0):
 garbage-first heap   total 145408K, used 111998K [0x0000000080000000, 0x0000000100000000)
  region size 1024K, 41 young (41984K), 1 survivors (1024K)
 Metaspace       used 73351K, committed 73984K, reserved 491520K
  class space    used 9998K, committed 10304K, reserved 425984K
}
Event: 161.953 GC heap after
{Heap after GC invocations=35 (full 0):
 garbage-first heap   total 145408K, used 72302K [0x0000000080000000, 0x0000000100000000)
  region size 1024K, 3 young (3072K), 3 survivors (3072K)
 Metaspace       used 73351K, committed 73984K, reserved 491520K
  class space    used 9998K, committed 10304K, reserved 425984K
}

